[Infiniteless_v3] Starting...
[~~FATAL~~] [ShaderProg:23] Failed to compile shader [shader/oct.frag] due to [0(52) : error C1102: incompatible type for parameter #1 ("p.8")
0(52) : error C7011: implicit cast from "float" to "vec2"
]
