[Infiniteless_v3] Starting...
[~~FATAL~~] [ShaderProg:23] Failed to compile shader [shader/oct.frag] due to [0(53) : error C7623: implicit narrowing of type from "vec3" to "float"
0(53) : error C7623: implicit narrowing of type from "vec3" to "float"
0(53) : error C1104: too many parameters in function call
]
